
    
<-<-<================================================================================>->->
    Logging by leekslazylogger v3.0.2 by eartharoid (http://leeks.js.org/logger)
    Discord Tickets by eartharoid (Node v14.16.1 on 'Windows')
    Sunday, 11th July 2021, 10:30 AM (America/Bogota) -->
    Time format: 'YYYY-MM-DD HH:mm:ss'
<-<-<================================================================================>->->



    
<-<-<================================================================================>->->
    Logging by leekslazylogger v3.0.2 by eartharoid (http://leeks.js.org/logger)
    Discord Tickets by eartharoid (Node v14.16.1 on 'Windows')
    Sunday, 11th July 2021, 10:30 AM (America/Bogota) -->
    Time format: 'YYYY-MM-DD HH:mm:ss'
<-<-<================================================================================>->->



    
<-<-<================================================================================>->->
    Logging by leekslazylogger v3.0.2 by eartharoid (http://leeks.js.org/logger)
    Discord Tickets by eartharoid (Node v14.16.1 on 'Windows')
    Sunday, 11th July 2021, 10:30 AM (America/Bogota) -->
    Time format: 'YYYY-MM-DD HH:mm:ss'
<-<-<================================================================================>->->


2021-07-11 10:30:57 [INFO] Using SQLite storage
2021-07-11 10:30:57 [SUCCESS] Connected to database successfully
2021-07-11 10:30:57 [INFO] Connecting to Discord API...

    
<-<-<================================================================================>->->
    Logging by leekslazylogger v3.0.2 by eartharoid (http://leeks.js.org/logger)
    Discord Tickets by eartharoid (Node v14.16.1 on 'Windows')
    Sunday, 11th July 2021, 10:31 AM (America/Bogota) -->
    Time format: 'YYYY-MM-DD HH:mm:ss'
<-<-<================================================================================>->->


2021-07-11 10:31:53 [INFO] Using SQLite storage
2021-07-11 10:31:53 [SUCCESS] Connected to database successfully
2021-07-11 10:31:53 [INFO] Connecting to Discord API...

    
<-<-<================================================================================>->->
    Logging by leekslazylogger v3.0.2 by eartharoid (http://leeks.js.org/logger)
    Discord Tickets by eartharoid (Node v14.16.1 on 'Windows')
    Sunday, 11th July 2021, 10:32 AM (America/Bogota) -->
    Time format: 'YYYY-MM-DD HH:mm:ss'
<-<-<================================================================================>->->


2021-07-11 10:32:09 [INFO] Using SQLite storage
2021-07-11 10:32:09 [SUCCESS] Connected to database successfully
2021-07-11 10:32:09 [INFO] Connecting to Discord API...
